<?xml version="1.0" encoding="UTF-8"?>
<!-- Generated by org.testng.reporters.JUnitReportReporter -->
<testsuite skipped="0" hostname="DESKTOP-CNC7C5S" name="testOne.Test_Two" tests="1" failures="0" timestamp="2021-10-08T21:16:23 CEST" time="38.142" errors="0">
  <testcase name="successfulLoginTest" time="38.142" classname="testOne.Test_Two"/>
  <system-out/>
</testsuite> <!-- testOne.Test_Two -->
