<?xml version="1.0" encoding="UTF-8"?>
<!-- Generated by org.testng.reporters.JUnitReportReporter -->
<testsuite skipped="0" hostname="DESKTOP-CNC7C5S" name="loginTests.ForgotPassTest" tests="1" failures="0" timestamp="2021-10-10T17:42:11 CEST" time="18.958" errors="0">
  <testcase name="forgotPasswordFunctionalityTest" time="18.958" classname="loginTests.ForgotPassTest"/>
  <system-out/>
</testsuite> <!-- loginTests.ForgotPassTest -->
