<?xml version="1.0" encoding="UTF-8"?>
<!-- Generated by org.testng.reporters.JUnitReportReporter -->
<testsuite skipped="0" hostname="DESKTOP-CNC7C5S" name="p_dz_28_09_2021.PrviZadatak" tests="1" failures="0" timestamp="2021-09-29T23:20:03 CEST" time="61.998" errors="0">
  <testcase name="rating" time="61.998" classname="p_dz_28_09_2021.PrviZadatak"/>
  <system-out/>
</testsuite> <!-- p_dz_28_09_2021.PrviZadatak -->
