<?xml version="1.0" encoding="UTF-8"?>
<!-- Generated by org.testng.reporters.JUnitReportReporter -->
<testsuite skipped="0" hostname="DESKTOP-CNC7C5S" name="testCaseTests.EditTestCaseDescriptionTest" tests="1" failures="0" timestamp="2021-10-10T01:11:44 CEST" time="17.210" errors="0">
  <testcase name="editTestCaseDescriptionTest" time="17.210" classname="testCaseTests.EditTestCaseDescriptionTest"/>
  <system-out/>
</testsuite> <!-- testCaseTests.EditTestCaseDescriptionTest -->
