<?xml version="1.0" encoding="UTF-8"?>
<!-- Generated by org.testng.reporters.JUnitReportReporter -->
<testsuite skipped="0" hostname="DESKTOP-CNC7C5S" name="p30_09_2021.PrviZadatak" tests="1" failures="0" timestamp="2021-09-30T19:46:37 CEST" time="43.335" errors="0">
  <testcase name="kalkulatorTest" time="43.335" classname="p30_09_2021.PrviZadatak"/>
  <system-out/>
</testsuite> <!-- p30_09_2021.PrviZadatak -->
