<?xml version="1.0" encoding="UTF-8"?>
<!-- Generated by org.testng.reporters.JUnitReportReporter -->
<testsuite skipped="0" hostname="DESKTOP-CNC7C5S" name="testCaseTests.EmptyMandatoryFieldsTest" tests="1" failures="0" timestamp="2021-10-09T16:12:30 CEST" time="16.297" errors="0">
  <testcase name="creatingNewTestCaseTest" time="16.297" classname="testCaseTests.EmptyMandatoryFieldsTest"/>
  <system-out/>
</testsuite> <!-- testCaseTests.EmptyMandatoryFieldsTest -->
