<?xml version="1.0" encoding="UTF-8"?>
<!-- Generated by org.testng.reporters.JUnitReportReporter -->
<testsuite skipped="0" hostname="DESKTOP-CNC7C5S" name="loginTests.InvalidPassTest" tests="1" failures="0" timestamp="2021-10-10T17:43:18 CEST" time="17.831" errors="0">
  <testcase name="loginWithInvalidPasswordTest" time="17.831" classname="loginTests.InvalidPassTest"/>
  <system-out/>
</testsuite> <!-- loginTests.InvalidPassTest -->
