<?xml version="1.0" encoding="UTF-8"?>
<!-- Generated by org.testng.reporters.JUnitReportReporter -->
<testsuite skipped="0" hostname="DESKTOP-CNC7C5S" name="loginTests.LoginLinkTest" tests="1" failures="0" timestamp="2021-10-10T17:43:44 CEST" time="17.610" errors="0">
  <testcase name="loginLinkFunctionalityTest" time="17.610" classname="loginTests.LoginLinkTest"/>
  <system-out/>
</testsuite> <!-- loginTests.LoginLinkTest -->
