<?xml version="1.0" encoding="UTF-8"?>
<!-- Generated by org.testng.reporters.JUnitReportReporter -->
<testsuite skipped="0" hostname="DESKTOP-CNC7C5S" name="loginTests.InvalidEmailTest" tests="1" failures="0" timestamp="2021-10-10T17:42:43 CEST" time="18.162" errors="0">
  <testcase name="loginWithInvalidEmailTest" time="18.162" classname="loginTests.InvalidEmailTest"/>
  <system-out/>
</testsuite> <!-- loginTests.InvalidEmailTest -->
