<?xml version="1.0" encoding="UTF-8"?>
<!-- Generated by org.testng.reporters.JUnitReportReporter -->
<testsuite skipped="0" hostname="DESKTOP-CNC7C5S" name="loginTests.LoginLink" tests="1" failures="0" timestamp="2021-10-09T19:06:03 CEST" time="16.511" errors="0">
  <testcase name="adminLinkFunctionalityTest" time="16.511" classname="loginTests.LoginLink"/>
  <system-out/>
</testsuite> <!-- loginTests.LoginLink -->
