<?xml version="1.0" encoding="UTF-8"?>
<!-- Generated by org.testng.reporters.JUnitReportReporter -->
<testsuite skipped="0" hostname="DESKTOP-CNC7C5S" name="p_dz_28_09_2021.DrugiZadatak" tests="1" failures="0" timestamp="2021-09-29T23:49:31 CEST" time="101.938" errors="0">
  <testcase name="buyNow" time="101.938" classname="p_dz_28_09_2021.DrugiZadatak"/>
  <system-out/>
</testsuite> <!-- p_dz_28_09_2021.DrugiZadatak -->
