<?xml version="1.0" encoding="UTF-8"?>
<!-- Generated by org.testng.reporters.JUnitReportReporter -->
<testsuite skipped="0" hostname="DESKTOP-CNC7C5S" name="testCaseTests.ExamCRUDTest" tests="1" failures="0" timestamp="2021-10-10T18:23:19 CEST" time="139.972" errors="0">
  <testcase name="Exam" time="139.972" classname="testCaseTests.ExamCRUDTest"/>
  <system-out/>
</testsuite> <!-- testCaseTests.ExamCRUDTest -->
