<?xml version="1.0" encoding="UTF-8"?>
<!-- Generated by org.testng.reporters.JUnitReportReporter -->
<testsuite skipped="0" hostname="DESKTOP-CNC7C5S" name="testCaseTests.RemoveTestCaseTest" tests="1" failures="0" timestamp="2021-10-09T15:17:28 CEST" time="15.892" errors="0">
  <testcase name="creatingNewTestCaseTest" time="15.892" classname="testCaseTests.RemoveTestCaseTest"/>
  <system-out/>
</testsuite> <!-- testCaseTests.RemoveTestCaseTest -->
