<?xml version="1.0" encoding="UTF-8"?>
<!-- Generated by org.testng.reporters.JUnitReportReporter -->
<testsuite skipped="0" hostname="DESKTOP-CNC7C5S" name="loginTests.AdminLinkTest" tests="1" failures="0" timestamp="2021-10-10T19:46:06 CEST" time="31.909" errors="0">
  <testcase name="adminLinkFunctionalityTest" time="31.909" classname="loginTests.AdminLinkTest"/>
  <system-out/>
</testsuite> <!-- loginTests.AdminLinkTest -->
