<?xml version="1.0" encoding="UTF-8"?>
<!-- Generated by org.testng.reporters.JUnitReportReporter -->
<testsuite skipped="0" hostname="DESKTOP-CNC7C5S" name="loginTests.LogoutTest" tests="1" failures="0" timestamp="2021-10-10T17:44:50 CEST" time="23.879" errors="0">
  <testcase name="logoutTest" time="23.879" classname="loginTests.LogoutTest"/>
  <system-out/>
</testsuite> <!-- loginTests.LogoutTest -->
