<?xml version="1.0" encoding="UTF-8"?>
<!-- Generated by org.testng.reporters.JUnitReportReporter -->
<testsuite skipped="0" hostname="DESKTOP-CNC7C5S" name="testOne.Test_One" tests="1" failures="0" timestamp="2021-10-08T20:09:26 CEST" time="26.071" errors="0">
  <testcase name="successfulLoginTest" time="26.071" classname="testOne.Test_One"/>
  <system-out/>
</testsuite> <!-- testOne.Test_One -->
