<?xml version="1.0" encoding="UTF-8"?>
<!-- Generated by org.testng.reporters.JUnitReportReporter -->
<testsuite skipped="0" hostname="DESKTOP-CNC7C5S" name="loginTests.ValidCredentialsTest" tests="1" failures="0" timestamp="2021-10-10T17:49:49 CEST" time="22.819" errors="0">
  <testcase name="loginWithValidCredentials" time="22.819" classname="loginTests.ValidCredentialsTest"/>
  <system-out/>
</testsuite> <!-- loginTests.ValidCredentialsTest -->
