<?xml version="1.0" encoding="UTF-8"?>
<!-- Generated by org.testng.reporters.JUnitReportReporter -->
<testsuite skipped="0" hostname="DESKTOP-CNC7C5S" name="testCaseTests.EditTestCaseTest" tests="1" failures="0" timestamp="2021-10-09T14:57:35 CEST" time="16.501" errors="0">
  <testcase name="creatingNewTestCaseTest" time="16.501" classname="testCaseTests.EditTestCaseTest"/>
  <system-out/>
</testsuite> <!-- testCaseTests.EditTestCaseTest -->
