<?xml version="1.0" encoding="UTF-8"?>
<!-- Generated by org.testng.reporters.JUnitReportReporter -->
<testsuite skipped="0" hostname="DESKTOP-CNC7C5S" name="testCaseTests.NewTestCaseTest" tests="1" failures="0" timestamp="2021-10-09T14:58:37 CEST" time="17.794" errors="0">
  <testcase name="creatingNewTestCaseTest" time="17.794" classname="testCaseTests.NewTestCaseTest"/>
  <system-out/>
</testsuite> <!-- testCaseTests.NewTestCaseTest -->
