<?xml version="1.0" encoding="UTF-8"?>
<!-- Generated by org.testng.reporters.JUnitReportReporter -->
<testsuite skipped="0" hostname="DESKTOP-CNC7C5S" name="loginTests.RememberMeTest" tests="1" failures="0" timestamp="2021-10-10T22:03:40 CEST" time="25.611" errors="0">
  <testcase name="rememberMeFuncionalityTest" time="25.611" classname="loginTests.RememberMeTest"/>
  <system-out/>
</testsuite> <!-- loginTests.RememberMeTest -->
